<?xml version="1.0" encoding="UTF-8"?>
<!-- Generated by org.testng.reporters.JUnitReportReporter -->
<testsuite skipped="0" hostname="MYGURUPAGE" name="OnlineShoppingTest.SubscriptionTests" tests="1" failures="0" timestamp="13 Mar 2020 04:27:59 GMT" time="5.092" errors="0">
  <testcase name="Enter_emailid" time="5.092" classname="OnlineShoppingTest.SubscriptionTests"/>
</testsuite> <!-- OnlineShoppingTest.SubscriptionTests -->
