<?xml version="1.0" encoding="UTF-8"?>
<!-- Generated by org.testng.reporters.JUnitReportReporter -->
<testsuite skipped="0" hostname="MYGURUPAGE" name="OnlineShoppingTest.HomePageTest" tests="2" failures="0" timestamp="12 Mar 2020 00:46:47 GMT" time="3.200" errors="0">
  <testcase name="getTitle" time="0.817" classname="OnlineShoppingTest.HomePageTest"/>
  <testcase name="verify_Fields" time="2.383" classname="OnlineShoppingTest.HomePageTest"/>
</testsuite> <!-- OnlineShoppingTest.HomePageTest -->
